<?xml version="1.0" encoding="UTF-8"?>
<!-- Generated by org.testng.reporters.JUnitXMLReporter -->
<testsuite ignored="0" hostname="WIN-GLF10487UOQ" failures="0" tests="3" name="Default test" time="12.301" errors="0" timestamp="2022-02-11T10:42:42 PST">
  <testcase classname="week8.NewTest" name="BankUserLogin" time="1.653"/>
  <testcase classname="week8.NewTest" name="CustomerRegistration" time="3.623"/>
  <testcase classname="week8.NewTest" name="CustomerTransaction" time="2.716"/>
</testsuite> <!-- Default test -->
