<?xml version="1.0" encoding="UTF-8"?>
<testng-results ignored="0" total="3" passed="3" failed="0" skipped="0">
  <reporter-output>
  </reporter-output>
  <suite started-at="2022-02-11T10:42:29 PST" name="Default suite" finished-at="2022-02-11T10:42:42 PST" duration-ms="12301">
    <groups>
    </groups>
    <test started-at="2022-02-11T10:42:29 PST" name="Default test" finished-at="2022-02-11T10:42:42 PST" duration-ms="12301">
      <class name="week8.NewTest">
        <test-method is-config="true" signature="beforeTest()[pri:0, instance:week8.NewTest@ba54932]" started-at="2022-02-11T10:42:29 PST" name="beforeTest" finished-at="2022-02-11T10:42:33 PST" duration-ms="3431" status="PASS">
          <reporter-output>
          </reporter-output>
        </test-method> <!-- beforeTest -->
        <test-method signature="BankUserLogin()[pri:0, instance:week8.NewTest@ba54932]" started-at="2022-02-11T10:42:33 PST" name="BankUserLogin" finished-at="2022-02-11T10:42:35 PST" duration-ms="1653" status="PASS">
          <reporter-output>
          </reporter-output>
        </test-method> <!-- BankUserLogin -->
        <test-method signature="CustomerRegistration()[pri:0, instance:week8.NewTest@ba54932]" started-at="2022-02-11T10:42:35 PST" name="CustomerRegistration" finished-at="2022-02-11T10:42:38 PST" duration-ms="3623" status="PASS">
          <reporter-output>
          </reporter-output>
        </test-method> <!-- CustomerRegistration -->
        <test-method signature="CustomerTransaction()[pri:0, instance:week8.NewTest@ba54932]" started-at="2022-02-11T10:42:38 PST" name="CustomerTransaction" finished-at="2022-02-11T10:42:41 PST" duration-ms="2716" status="PASS">
          <reporter-output>
          </reporter-output>
        </test-method> <!-- CustomerTransaction -->
        <test-method is-config="true" signature="afterTest()[pri:0, instance:week8.NewTest@ba54932]" started-at="2022-02-11T10:42:41 PST" name="afterTest" finished-at="2022-02-11T10:42:42 PST" duration-ms="812" status="PASS">
          <reporter-output>
          </reporter-output>
        </test-method> <!-- afterTest -->
      </class> <!-- week8.NewTest -->
    </test> <!-- Default test -->
  </suite> <!-- Default suite -->
</testng-results>
